<?xml version="1.0" encoding="UTF-8"?>
<!-- Generated by org.testng.reporters.JUnitXMLReporter -->
<testsuite ignored="0" hostname="DESKTOP-U1QCOVV" failures="0" tests="4" name="Run on Chrome Browser" time="45.255" errors="0" timestamp="2024-12-22T21:31:16 ICT">
  <testcase classname="Tasks" name="Habit_01_Create_New_Empty_Data_Unsuccess" time="2.3"/>
  <testcase classname="Tasks" name="Habit_02_Create_New_EndDate_Equals_To_StartDate_Unsuccess" time="4.56"/>
  <testcase classname="Tasks" name="Habit_03_Create_New_Success" time="10.351"/>
  <testcase classname="Tasks" name="Habit_04_Modify_Success" time="8.147"/>
</testsuite> <!-- Run on Chrome Browser -->
